#
# There is insufficient memory for the Java Runtime Environment to continue.
# Native memory allocation (malloc) failed to allocate 1048576 bytes for AllocateHeap
# Possible reasons:
#   The system is out of physical RAM or swap space
#   In 32 bit mode, the process size limit was hit
# Possible solutions:
#   Reduce memory load on the system
#   Increase physical memory or swap space
#   Check if swap backing store is full
#   Use 64 bit Java on a 64 bit OS
#   Decrease Java heap size (-Xmx/-Xms)
#   Decrease number of Java threads
#   Decrease Java thread stack sizes (-Xss)
#   Set larger code cache with -XX:ReservedCodeCacheSize=
# This output file may be truncated or incomplete.
#
#  Out of Memory Error (memory/allocation.inline.hpp:61), pid=10092, tid=1800
#
# JRE version:  (8.0_45-b15) (build )
# Java VM: Java HotSpot(TM) 64-Bit Server VM (25.45-b02 mixed mode windows-amd64 compressed oops)
# Failed to write core dump. Minidumps are not enabled by default on client versions of Windows
#

---------------  T H R E A D  ---------------

Current thread (0x0000000002fb2800):  JavaThread "Unknown thread" [_thread_in_vm, id=1800, stack(0x0000000002eb0000,0x0000000002fb0000)]

Stack: [0x0000000002eb0000,0x0000000002fb0000]
Native frames: (J=compiled Java code, j=interpreted, Vv=VM code, C=native code)
V  [jvm.dll+0x32b57a]


---------------  P R O C E S S  ---------------

Java Threads: ( => current thread )

Other Threads:

=>0x0000000002fb2800 (exited) JavaThread "Unknown thread" [_thread_in_vm, id=1800, stack(0x0000000002eb0000,0x0000000002fb0000)]

VM state:not at safepoint (normal execution)

VM Mutex/Monitor currently owned by a thread: None

Heap:
 PSYoungGen      total 38400K, used 665K [0x00000000d5f00000, 0x00000000d8980000, 0x0000000100000000)
  eden space 33280K, 2% used [0x00000000d5f00000,0x00000000d5fa6670,0x00000000d7f80000)
  from space 5120K, 0% used [0x00000000d8480000,0x00000000d8480000,0x00000000d8980000)
  to   space 5120K, 0% used [0x00000000d7f80000,0x00000000d7f80000,0x00000000d8480000)
 ParOldGen       total 87552K, used 0K [0x0000000081c00000, 0x0000000087180000, 0x00000000d5f00000)
  object space 87552K, 0% used [0x0000000081c00000,0x0000000081c00000,0x0000000087180000)
 Metaspace       used 770K, capacity 1092K, committed 1152K, reserved 1060864K
  class space    used 75K, capacity 384K, committed 384K, reserved 1048576K

Card table byte_map: [0x0000000003470000,0x0000000003870000] byte_map_base: 0x0000000003062000

Marking Bits: (ParMarkBitMap*) 0x00000000571b4040
 Begin Bits: [0x0000000004320000, 0x00000000062b0000)
 End Bits:   [0x00000000062b0000, 0x0000000008240000)

Polling page: 0x0000000001300000

CodeCache: size=245760Kb used=328Kb max_used=328Kb free=245431Kb
 bounds [0x000000000f010000, 0x000000000f280000, 0x000000001e010000]
 total_blobs=57 nmethods=0 adapters=37
 compilation: enabled

Compilation events (0 events):
No events

GC Heap History (0 events):
No events

Deoptimization events (0 events):
No events

Internal exceptions (0 events):
No events

Events (10 events):
Event: 0.021 loading class java/lang/Short
Event: 0.021 loading class java/lang/Short done
Event: 0.021 loading class java/lang/Integer
Event: 0.021 loading class java/lang/Integer done
Event: 0.021 loading class java/lang/Long
Event: 0.021 loading class java/lang/Long done
Event: 0.022 loading class java/lang/NullPointerException
Event: 0.022 loading class java/lang/NullPointerException done
Event: 0.022 loading class java/lang/ArithmeticException
Event: 0.022 loading class java/lang/ArithmeticException done


Dynamic libraries:
0x00007ff6b47a0000 - 0x00007ff6b47d7000 	C:\Program Files\Java\jdk1.8.0_45\bin\javaw.exe
0x00007ff904e40000 - 0x00007ff904fed000 	C:\WINDOWS\SYSTEM32\ntdll.dll
0x00007ff9028d0000 - 0x00007ff902a0e000 	C:\WINDOWS\system32\KERNEL32.DLL
0x00007ff902020000 - 0x00007ff902135000 	C:\WINDOWS\system32\KERNELBASE.dll
0x00007ff900ad0000 - 0x00007ff900b5e000 	C:\WINDOWS\system32\apphelp.dll
0x00007ff8e1090000 - 0x00007ff8e10e3000 	C:\WINDOWS\AppPatch\AppPatch64\AcGenral.DLL
0x00007ff902760000 - 0x00007ff90280a000 	C:\WINDOWS\system32\msvcrt.dll
0x00007ff902190000 - 0x00007ff9021be000 	C:\WINDOWS\system32\SspiCli.dll
0x00007ff904860000 - 0x00007ff9048b4000 	C:\WINDOWS\system32\SHLWAPI.dll
0x00007ff9030f0000 - 0x00007ff903267000 	C:\WINDOWS\system32\USER32.dll
0x00007ff904a20000 - 0x00007ff904bb4000 	C:\WINDOWS\system32\ole32.dll
0x00007ff903330000 - 0x00007ff90485a000 	C:\WINDOWS\system32\SHELL32.dll
0x00007ff9014d0000 - 0x00007ff9014f1000 	C:\WINDOWS\SYSTEM32\USERENV.dll
0x00007ff902820000 - 0x00007ff9028ca000 	C:\WINDOWS\system32\ADVAPI32.dll
0x00007ff8f8640000 - 0x00007ff8f865e000 	C:\WINDOWS\SYSTEM32\MPR.dll
0x00007ff902a10000 - 0x00007ff902b50000 	C:\WINDOWS\system32\RPCRT4.dll
0x00007ff902d30000 - 0x00007ff902d89000 	C:\WINDOWS\SYSTEM32\sechost.dll
0x00007ff902ec0000 - 0x00007ff9030d1000 	C:\WINDOWS\SYSTEM32\combase.dll
0x00007ff9024b0000 - 0x00007ff902600000 	C:\WINDOWS\system32\GDI32.dll
0x00007ff901f50000 - 0x00007ff901f65000 	C:\WINDOWS\SYSTEM32\profapi.dll
0x00007ff9009f0000 - 0x00007ff900aa2000 	C:\WINDOWS\SYSTEM32\SHCORE.dll
0x00007ff902e80000 - 0x00007ff902eb6000 	C:\WINDOWS\system32\IMM32.DLL
0x00007ff9048c0000 - 0x00007ff904a12000 	C:\WINDOWS\system32\MSCTF.dll
0x00007ff901f00000 - 0x00007ff901f32000 	C:\Windows\system32\nvinitx.dll
0x00007ff901ef0000 - 0x00007ff901efa000 	C:\WINDOWS\SYSTEM32\VERSION.dll
0x000000000f000000 - 0x000000000f006000 	C:\Program Files\NVIDIA Corporation\CoProcManager\_etoured.dll
0x00007ff8ffed0000 - 0x00007ff8fff02000 	C:\Program Files\NVIDIA Corporation\CoProcManager\nvd3d9wrapx.dll
0x00007ff902b50000 - 0x00007ff902d2a000 	C:\WINDOWS\system32\SETUPAPI.dll
0x00007ff902140000 - 0x00007ff90218f000 	C:\WINDOWS\system32\CFGMGR32.dll
0x00007ff8ffea0000 - 0x00007ff8ffec2000 	C:\Program Files\NVIDIA Corporation\CoProcManager\nvdxgiwrapx.dll
0x00007ff900000000 - 0x00007ff90027b000 	C:\WINDOWS\WinSxS\amd64_microsoft.windows.common-controls_6595b64144ccf1df_6.0.9600.18006_none_623f33d3ecbe86e8\COMCTL32.dll
0x0000000057240000 - 0x0000000057312000 	C:\Program Files\Java\jdk1.8.0_45\jre\bin\msvcr100.dll
0x00000000569b0000 - 0x0000000057233000 	C:\Program Files\Java\jdk1.8.0_45\jre\bin\server\jvm.dll
0x00007ff8f3190000 - 0x00007ff8f3199000 	C:\WINDOWS\SYSTEM32\WSOCK32.dll
0x00007ff8fcf60000 - 0x00007ff8fcf82000 	C:\WINDOWS\SYSTEM32\WINMM.dll
0x00007ff902d90000 - 0x00007ff902d97000 	C:\WINDOWS\system32\PSAPI.DLL
0x00007ff903270000 - 0x00007ff9032ca000 	C:\WINDOWS\system32\WS2_32.dll
0x00007ff8fcf30000 - 0x00007ff8fcf5a000 	C:\WINDOWS\SYSTEM32\WINMMBASE.dll
0x00007ff9030e0000 - 0x00007ff9030e9000 	C:\WINDOWS\system32\NSI.dll
0x00007ff900d30000 - 0x00007ff900d58000 	C:\WINDOWS\SYSTEM32\DEVOBJ.dll
0x00000000569a0000 - 0x00000000569af000 	C:\Program Files\Java\jdk1.8.0_45\jre\bin\verify.dll
0x0000000056970000 - 0x0000000056999000 	C:\Program Files\Java\jdk1.8.0_45\jre\bin\java.dll
0x0000000056950000 - 0x0000000056966000 	C:\Program Files\Java\jdk1.8.0_45\jre\bin\zip.dll
0x00007ff8f1930000 - 0x00007ff8f1ab9000 	C:\WINDOWS\SYSTEM32\dbghelp.dll

VM Arguments:
jvm_args: -Dfile.encoding=Cp1252 
java_command: aholg.startup.Startup
java_class_path (initial): C:\Users\Anton\Documents\eclipseworkspace\Simple-Draw-Program\bin
Launcher Type: SUN_STANDARD

Environment Variables:
JAVA_HOME=C:\Program Files\Java\jdk1.7.0_17
CLASSPATH=.;C:\PROGRA~1\IBM\SQLLIB\java\db2java.zip;C:\PROGRA~1\IBM\SQLLIB\java\db2jcc.jar;C:\PROGRA~1\IBM\SQLLIB\java\db2jcc_license_cu.jar;C:\PROGRA~1\IBM\SQLLIB\bin;C:\PROGRA~1\IBM\SQLLIB\java\common.jar
USERNAME=Anton
OS=Windows_NT
PROCESSOR_IDENTIFIER=Intel64 Family 6 Model 58 Stepping 9, GenuineIntel



---------------  S Y S T E M  ---------------

OS: Windows 8.1 , 64 bit Build 9600 (6.3.9600.17415)

CPU:total 8 (4 cores per cpu, 2 threads per core) family 6 model 58 stepping 9, cmov, cx8, fxsr, mmx, sse, sse2, sse3, ssse3, sse4.1, sse4.2, popcnt, avx, aes, clmul, erms, ht, tsc, tscinvbit, tscinv

Memory: 4k page, physical 8271696k(1507644k free), swap 18053324k(5000k free)

vm_info: Java HotSpot(TM) 64-Bit Server VM (25.45-b02) for windows-amd64 JRE (1.8.0_45-b15), built on Apr 30 2015 12:40:44 by "java_re" with MS VC++ 10.0 (VS2010)

time: Fri Aug 26 22:18:05 2016
elapsed time: 0 seconds (0d 0h 0m 0s)

